info it worked if it ends with ok
verbose cli [ '/usr/local/bin/node', '/usr/local/bin/npm', 'publish' ]
info using npm@1.1.0-beta-4
info using node@v0.8.0
verbose config file /Users/florin/.npmrc
verbose config file /usr/local/etc/npmrc
verbose config file /usr/local/lib/node_modules/npm/npmrc
verbose publish [ '.' ]
verbose caching /Users/florin/Sites/opencv-js/package.json
verbose loadDefaults opencv-node@0.2.4
info prepublish opencv-node@0.2.4
verbose cache add [ '.', null ]
silly cache add: name, spec, args [ undefined, '.', [ '.', null ] ]
verbose parsed url { pathname: '.', path: '.', href: '.' }
verbose caching package.json
verbose loadDefaults opencv-node@0.2.4
verbose pack /Users/florin/Sites/opencv-js
verbose pack /Users/florin/Sites/opencv-js /var/folders/2b/3ntd4jl124b4sdpy4hvnqqn00000gn/T/npm-1351892741228/1351892741217-0.2621484505943954/tmp.tgz
silly makeList /Users/florin/Sites/opencv-js
silly dir, dirLen [ '/Users/florin/Sites/opencv-js', 30 ]
verbose tarball /var/folders/2b/3ntd4jl124b4sdpy4hvnqqn00000gn/T/npm-1351892741228/1351892741217-0.2621484505943954/tmp.tgz
verbose parent /Users/florin/Sites/opencv-js
verbose mkdir (expected) error ENOENT, stat '/var/folders/2b/3ntd4jl124b4sdpy4hvnqqn00000gn/T/npm-1351892741228/1351892741217-0.2621484505943954/___package.npm'
verbose mkdir done: /var/folders/2b/3ntd4jl124b4sdpy4hvnqqn00000gn/T/npm-1351892741228/1351892741217-0.2621484505943954/___package.npm 755
verbose unpack_ uid, gid [ undefined, undefined ]
verbose unpackTarget /var/folders/2b/3ntd4jl124b4sdpy4hvnqqn00000gn/T/npm-1351892741228/1351892741217-0.2621484505943954/package
silly gunzTarPerm modes [ '755', '644' ]
silly afterUntar undefined
silly asyncMap in gTP /var/folders/2b/3ntd4jl124b4sdpy4hvnqqn00000gn/T/npm-1351892741228/1351892741217-0.2621484505943954/___package.npm/opencv-js
silly asyncMap in gTP /var/folders/2b/3ntd4jl124b4sdpy4hvnqqn00000gn/T/npm-1351892741228/1351892741217-0.2621484505943954/___package.npm/opencv-js/.npmignore
silly asyncMap in gTP /var/folders/2b/3ntd4jl124b4sdpy4hvnqqn00000gn/T/npm-1351892741228/1351892741217-0.2621484505943954/___package.npm/opencv-js/binding.gyp
silly asyncMap in gTP /var/folders/2b/3ntd4jl124b4sdpy4hvnqqn00000gn/T/npm-1351892741228/1351892741217-0.2621484505943954/___package.npm/opencv-js/index.js
silly asyncMap in gTP /var/folders/2b/3ntd4jl124b4sdpy4hvnqqn00000gn/T/npm-1351892741228/1351892741217-0.2621484505943954/___package.npm/opencv-js/package.json
silly asyncMap in gTP /var/folders/2b/3ntd4jl124b4sdpy4hvnqqn00000gn/T/npm-1351892741228/1351892741217-0.2621484505943954/___package.npm/opencv-js/README.md
silly asyncMap in gTP /var/folders/2b/3ntd4jl124b4sdpy4hvnqqn00000gn/T/npm-1351892741228/1351892741217-0.2621484505943954/___package.npm/opencv-js/bea
silly asyncMap in gTP /var/folders/2b/3ntd4jl124b4sdpy4hvnqqn00000gn/T/npm-1351892741228/1351892741217-0.2621484505943954/___package.npm/opencv-js/bea/cascade.bea
silly asyncMap in gTP /var/folders/2b/3ntd4jl124b4sdpy4hvnqqn00000gn/T/npm-1351892741228/1351892741217-0.2621484505943954/___package.npm/opencv-js/bea/compile.sh
silly asyncMap in gTP /var/folders/2b/3ntd4jl124b4sdpy4hvnqqn00000gn/T/npm-1351892741228/1351892741217-0.2621484505943954/___package.npm/opencv-js/bea/constants.bea
silly asyncMap in gTP /var/folders/2b/3ntd4jl124b4sdpy4hvnqqn00000gn/T/npm-1351892741228/1351892741217-0.2621484505943954/___package.npm/opencv-js/bea/cv.bea
silly asyncMap in gTP /var/folders/2b/3ntd4jl124b4sdpy4hvnqqn00000gn/T/npm-1351892741228/1351892741217-0.2621484505943954/___package.npm/opencv-js/bea/mat.bea
silly asyncMap in gTP /var/folders/2b/3ntd4jl124b4sdpy4hvnqqn00000gn/T/npm-1351892741228/1351892741217-0.2621484505943954/___package.npm/opencv-js/bea/matnd.bea
silly asyncMap in gTP /var/folders/2b/3ntd4jl124b4sdpy4hvnqqn00000gn/T/npm-1351892741228/1351892741217-0.2621484505943954/___package.npm/opencv-js/bea/opencv.bea
silly asyncMap in gTP /var/folders/2b/3ntd4jl124b4sdpy4hvnqqn00000gn/T/npm-1351892741228/1351892741217-0.2621484505943954/___package.npm/opencv-js/bea/sparsemat.bea
silly asyncMap in gTP /var/folders/2b/3ntd4jl124b4sdpy4hvnqqn00000gn/T/npm-1351892741228/1351892741217-0.2621484505943954/___package.npm/opencv-js/bea/types.bea
silly asyncMap in gTP /var/folders/2b/3ntd4jl124b4sdpy4hvnqqn00000gn/T/npm-1351892741228/1351892741217-0.2621484505943954/___package.npm/opencv-js/bea/videocap.bea
silly asyncMap in gTP /var/folders/2b/3ntd4jl124b4sdpy4hvnqqn00000gn/T/npm-1351892741228/1351892741217-0.2621484505943954/___package.npm/opencv-js/scripts
silly asyncMap in gTP /var/folders/2b/3ntd4jl124b4sdpy4hvnqqn00000gn/T/npm-1351892741228/1351892741217-0.2621484505943954/___package.npm/opencv-js/scripts/calcHist.coffee
silly asyncMap in gTP /var/folders/2b/3ntd4jl124b4sdpy4hvnqqn00000gn/T/npm-1351892741228/1351892741217-0.2621484505943954/___package.npm/opencv-js/scripts/capture.coffee
silly asyncMap in gTP /var/folders/2b/3ntd4jl124b4sdpy4hvnqqn00000gn/T/npm-1351892741228/1351892741217-0.2621484505943954/___package.npm/opencv-js/scripts/effects.coffee
silly asyncMap in gTP /var/folders/2b/3ntd4jl124b4sdpy4hvnqqn00000gn/T/npm-1351892741228/1351892741217-0.2621484505943954/___package.npm/opencv-js/scripts/objdetect.coffee
silly asyncMap in gTP /var/folders/2b/3ntd4jl124b4sdpy4hvnqqn00000gn/T/npm-1351892741228/1351892741217-0.2621484505943954/___package.npm/opencv-js/scripts/opencv.coffee
silly asyncMap in gTP /var/folders/2b/3ntd4jl124b4sdpy4hvnqqn00000gn/T/npm-1351892741228/1351892741217-0.2621484505943954/___package.npm/opencv-js/scripts/tests.coffee
silly asyncMap in gTP /var/folders/2b/3ntd4jl124b4sdpy4hvnqqn00000gn/T/npm-1351892741228/1351892741217-0.2621484505943954/___package.npm/opencv-js/src
silly asyncMap in gTP /var/folders/2b/3ntd4jl124b4sdpy4hvnqqn00000gn/T/npm-1351892741228/1351892741217-0.2621484505943954/___package.npm/opencv-js/src/addon.cpp
silly asyncMap in gTP /var/folders/2b/3ntd4jl124b4sdpy4hvnqqn00000gn/T/npm-1351892741228/1351892741217-0.2621484505943954/___package.npm/opencv-js/src/bea.h
silly asyncMap in gTP /var/folders/2b/3ntd4jl124b4sdpy4hvnqqn00000gn/T/npm-1351892741228/1351892741217-0.2621484505943954/___package.npm/opencv-js/src/customTypes.h
silly asyncMap in gTP /var/folders/2b/3ntd4jl124b4sdpy4hvnqqn00000gn/T/npm-1351892741228/1351892741217-0.2621484505943954/___package.npm/opencv-js/src/cvcheck.h
silly asyncMap in gTP /var/folders/2b/3ntd4jl124b4sdpy4hvnqqn00000gn/T/npm-1351892741228/1351892741217-0.2621484505943954/___package.npm/opencv-js/src/opencv_manual.cpp
silly asyncMap in gTP /var/folders/2b/3ntd4jl124b4sdpy4hvnqqn00000gn/T/npm-1351892741228/1351892741217-0.2621484505943954/___package.npm/opencv-js/src/opencvjs.cpp
silly asyncMap in gTP /var/folders/2b/3ntd4jl124b4sdpy4hvnqqn00000gn/T/npm-1351892741228/1351892741217-0.2621484505943954/___package.npm/opencv-js/src/opencvjs.h
silly asyncMap in gTP /var/folders/2b/3ntd4jl124b4sdpy4hvnqqn00000gn/T/npm-1351892741228/1351892741217-0.2621484505943954/___package.npm/opencv-js/build
silly asyncMap in gTP /var/folders/2b/3ntd4jl124b4sdpy4hvnqqn00000gn/T/npm-1351892741228/1351892741217-0.2621484505943954/___package.npm/opencv-js/build/Release
silly asyncMap in gTP /var/folders/2b/3ntd4jl124b4sdpy4hvnqqn00000gn/T/npm-1351892741228/1351892741217-0.2621484505943954/___package.npm/opencv-js/build/Release/.deps
silly asyncMap in gTP /var/folders/2b/3ntd4jl124b4sdpy4hvnqqn00000gn/T/npm-1351892741228/1351892741217-0.2621484505943954/___package.npm/opencv-js/build/Release/.deps/all.deps
silly asyncMap in gTP /var/folders/2b/3ntd4jl124b4sdpy4hvnqqn00000gn/T/npm-1351892741228/1351892741217-0.2621484505943954/___package.npm/opencv-js/build/Release/.deps/Release
silly asyncMap in gTP /var/folders/2b/3ntd4jl124b4sdpy4hvnqqn00000gn/T/npm-1351892741228/1351892741217-0.2621484505943954/___package.npm/opencv-js/build/Release/.deps/Release/addon.node.d
silly asyncMap in gTP /var/folders/2b/3ntd4jl124b4sdpy4hvnqqn00000gn/T/npm-1351892741228/1351892741217-0.2621484505943954/___package.npm/opencv-js/build/Release/.deps/Release/obj.target
silly asyncMap in gTP /var/folders/2b/3ntd4jl124b4sdpy4hvnqqn00000gn/T/npm-1351892741228/1351892741217-0.2621484505943954/___package.npm/opencv-js/build/Release/.deps/Release/obj.target/addon
silly asyncMap in gTP /var/folders/2b/3ntd4jl124b4sdpy4hvnqqn00000gn/T/npm-1351892741228/1351892741217-0.2621484505943954/___package.npm/opencv-js/build/Release/.deps/Release/obj.target/addon/src
silly asyncMap in gTP /var/folders/2b/3ntd4jl124b4sdpy4hvnqqn00000gn/T/npm-1351892741228/1351892741217-0.2621484505943954/___package.npm/opencv-js/build/Release/.deps/Release/obj.target/addon/src/addon.o.d
silly asyncMap in gTP /var/folders/2b/3ntd4jl124b4sdpy4hvnqqn00000gn/T/npm-1351892741228/1351892741217-0.2621484505943954/___package.npm/opencv-js/build/Release/.deps/Release/obj.target/addon/src/opencv_manual.o.d
silly asyncMap in gTP /var/folders/2b/3ntd4jl124b4sdpy4hvnqqn00000gn/T/npm-1351892741228/1351892741217-0.2621484505943954/___package.npm/opencv-js/build/Release/.deps/Release/obj.target/addon/src/opencvjs.o.d
silly asyncMap in gTP /var/folders/2b/3ntd4jl124b4sdpy4hvnqqn00000gn/T/npm-1351892741228/1351892741217-0.2621484505943954/___package.npm/opencv-js/build/Release/.deps/Release/obj.target/addon/src/tmp.o.d
silly chmod compile.sh 755
verbose gunzed /var/folders/2b/3ntd4jl124b4sdpy4hvnqqn00000gn/T/npm-1351892741228/1351892741217-0.2621484505943954/___package.npm/opencv-js
verbose rm'ed /var/folders/2b/3ntd4jl124b4sdpy4hvnqqn00000gn/T/npm-1351892741228/1351892741217-0.2621484505943954/package
verbose renamed [ '/var/folders/2b/3ntd4jl124b4sdpy4hvnqqn00000gn/T/npm-1351892741228/1351892741217-0.2621484505943954/___package.npm/opencv-js',
verbose renamed   '/var/folders/2b/3ntd4jl124b4sdpy4hvnqqn00000gn/T/npm-1351892741228/1351892741217-0.2621484505943954/package' ]
verbose caching /var/folders/2b/3ntd4jl124b4sdpy4hvnqqn00000gn/T/npm-1351892741228/1351892741217-0.2621484505943954/package/package.json
verbose loadDefaults opencv-node@0.2.4
verbose tarball contents [ 'package', 'tmp.tgz' ]
verbose from cache /var/folders/2b/3ntd4jl124b4sdpy4hvnqqn00000gn/T/npm-1351892741228/1351892741217-0.2621484505943954/package/package.json
verbose pack /var/folders/2b/3ntd4jl124b4sdpy4hvnqqn00000gn/T/npm-1351892741228/1351892741217-0.2621484505943954/package
verbose pack /var/folders/2b/3ntd4jl124b4sdpy4hvnqqn00000gn/T/npm-1351892741228/1351892741217-0.2621484505943954/package /Users/florin/.npm/opencv-node/0.2.4/package.tgz
silly makeList /var/folders/2b/3ntd4jl124b4sdpy4hvnqqn00000gn/T/npm-1351892741228/1351892741217-0.2621484505943954/package
silly dir, dirLen [ '/var/folders/2b/3ntd4jl124b4sdpy4hvnqqn00000gn/T/npm-1351892741228/1351892741217-0.2621484505943954/package',
silly dir, dirLen   108 ]
verbose tarball /Users/florin/.npm/opencv-node/0.2.4/package.tgz
verbose parent /var/folders/2b/3ntd4jl124b4sdpy4hvnqqn00000gn/T/npm-1351892741228/1351892741217-0.2621484505943954/package
verbose mkdir (expected) error ENOENT, stat '/Users/florin/.npm/opencv-node/0.2.4/___package.npm'
verbose mkdir done: /Users/florin/.npm/opencv-node/0.2.4/___package.npm 755
verbose unpack_ uid, gid [ undefined, undefined ]
verbose unpackTarget /Users/florin/.npm/opencv-node/0.2.4/package
silly gunzTarPerm modes [ '755', '644' ]
silly afterUntar undefined
silly asyncMap in gTP /Users/florin/.npm/opencv-node/0.2.4/___package.npm/package
silly asyncMap in gTP /Users/florin/.npm/opencv-node/0.2.4/___package.npm/package/.npmignore
silly asyncMap in gTP /Users/florin/.npm/opencv-node/0.2.4/___package.npm/package/binding.gyp
silly asyncMap in gTP /Users/florin/.npm/opencv-node/0.2.4/___package.npm/package/index.js
silly asyncMap in gTP /Users/florin/.npm/opencv-node/0.2.4/___package.npm/package/package.json
silly asyncMap in gTP /Users/florin/.npm/opencv-node/0.2.4/___package.npm/package/README.md
silly asyncMap in gTP /Users/florin/.npm/opencv-node/0.2.4/___package.npm/package/bea
silly asyncMap in gTP /Users/florin/.npm/opencv-node/0.2.4/___package.npm/package/bea/cascade.bea
silly asyncMap in gTP /Users/florin/.npm/opencv-node/0.2.4/___package.npm/package/bea/compile.sh
silly asyncMap in gTP /Users/florin/.npm/opencv-node/0.2.4/___package.npm/package/bea/constants.bea
silly asyncMap in gTP /Users/florin/.npm/opencv-node/0.2.4/___package.npm/package/bea/cv.bea
silly asyncMap in gTP /Users/florin/.npm/opencv-node/0.2.4/___package.npm/package/bea/mat.bea
silly asyncMap in gTP /Users/florin/.npm/opencv-node/0.2.4/___package.npm/package/bea/matnd.bea
silly asyncMap in gTP /Users/florin/.npm/opencv-node/0.2.4/___package.npm/package/bea/opencv.bea
silly asyncMap in gTP /Users/florin/.npm/opencv-node/0.2.4/___package.npm/package/bea/sparsemat.bea
silly asyncMap in gTP /Users/florin/.npm/opencv-node/0.2.4/___package.npm/package/bea/types.bea
silly asyncMap in gTP /Users/florin/.npm/opencv-node/0.2.4/___package.npm/package/bea/videocap.bea
silly asyncMap in gTP /Users/florin/.npm/opencv-node/0.2.4/___package.npm/package/scripts
silly asyncMap in gTP /Users/florin/.npm/opencv-node/0.2.4/___package.npm/package/scripts/calcHist.coffee
silly asyncMap in gTP /Users/florin/.npm/opencv-node/0.2.4/___package.npm/package/scripts/capture.coffee
silly asyncMap in gTP /Users/florin/.npm/opencv-node/0.2.4/___package.npm/package/scripts/effects.coffee
silly asyncMap in gTP /Users/florin/.npm/opencv-node/0.2.4/___package.npm/package/scripts/objdetect.coffee
silly asyncMap in gTP /Users/florin/.npm/opencv-node/0.2.4/___package.npm/package/scripts/opencv.coffee
silly asyncMap in gTP /Users/florin/.npm/opencv-node/0.2.4/___package.npm/package/scripts/tests.coffee
silly asyncMap in gTP /Users/florin/.npm/opencv-node/0.2.4/___package.npm/package/src
silly asyncMap in gTP /Users/florin/.npm/opencv-node/0.2.4/___package.npm/package/src/addon.cpp
silly asyncMap in gTP /Users/florin/.npm/opencv-node/0.2.4/___package.npm/package/src/bea.h
silly asyncMap in gTP /Users/florin/.npm/opencv-node/0.2.4/___package.npm/package/src/customTypes.h
silly asyncMap in gTP /Users/florin/.npm/opencv-node/0.2.4/___package.npm/package/src/cvcheck.h
silly asyncMap in gTP /Users/florin/.npm/opencv-node/0.2.4/___package.npm/package/src/opencv_manual.cpp
silly asyncMap in gTP /Users/florin/.npm/opencv-node/0.2.4/___package.npm/package/src/opencvjs.cpp
silly asyncMap in gTP /Users/florin/.npm/opencv-node/0.2.4/___package.npm/package/src/opencvjs.h
silly asyncMap in gTP /Users/florin/.npm/opencv-node/0.2.4/___package.npm/package/build
silly asyncMap in gTP /Users/florin/.npm/opencv-node/0.2.4/___package.npm/package/build/Release
silly asyncMap in gTP /Users/florin/.npm/opencv-node/0.2.4/___package.npm/package/build/Release/.deps
silly asyncMap in gTP /Users/florin/.npm/opencv-node/0.2.4/___package.npm/package/build/Release/.deps/all.deps
silly asyncMap in gTP /Users/florin/.npm/opencv-node/0.2.4/___package.npm/package/build/Release/.deps/Release
silly asyncMap in gTP /Users/florin/.npm/opencv-node/0.2.4/___package.npm/package/build/Release/.deps/Release/addon.node.d
silly asyncMap in gTP /Users/florin/.npm/opencv-node/0.2.4/___package.npm/package/build/Release/.deps/Release/obj.target
silly asyncMap in gTP /Users/florin/.npm/opencv-node/0.2.4/___package.npm/package/build/Release/.deps/Release/obj.target/addon
silly asyncMap in gTP /Users/florin/.npm/opencv-node/0.2.4/___package.npm/package/build/Release/.deps/Release/obj.target/addon/src
silly asyncMap in gTP /Users/florin/.npm/opencv-node/0.2.4/___package.npm/package/build/Release/.deps/Release/obj.target/addon/src/addon.o.d
silly asyncMap in gTP /Users/florin/.npm/opencv-node/0.2.4/___package.npm/package/build/Release/.deps/Release/obj.target/addon/src/opencv_manual.o.d
silly asyncMap in gTP /Users/florin/.npm/opencv-node/0.2.4/___package.npm/package/build/Release/.deps/Release/obj.target/addon/src/opencvjs.o.d
silly asyncMap in gTP /Users/florin/.npm/opencv-node/0.2.4/___package.npm/package/build/Release/.deps/Release/obj.target/addon/src/tmp.o.d
verbose gunzed /Users/florin/.npm/opencv-node/0.2.4/___package.npm/package
verbose rm'ed /Users/florin/.npm/opencv-node/0.2.4/package
verbose renamed [ '/Users/florin/.npm/opencv-node/0.2.4/___package.npm/package',
verbose renamed   '/Users/florin/.npm/opencv-node/0.2.4/package' ]
verbose caching /Users/florin/.npm/opencv-node/0.2.4/package/package.json
verbose loadDefaults opencv-node@0.2.4
silly updated sha bytes 40960
silly updated sha bytes 2528
info shasum 388a6d3c9801445e7a75088fa92fa86f1114b40d
info shasum /Users/florin/.npm/opencv-node/0.2.4/package.tgz
verbose from cache /Users/florin/.npm/opencv-node/0.2.4/package/package.json
verbose chmod /Users/florin/.npm/opencv-node/0.2.4/package.tgz 644
verbose chown [ '/Users/florin/.npm/opencv-node/0.2.4/package.tgz', 501, 20 ]
silly publish { name: 'opencv-node',
silly publish   description: 'Opencv for node',
silly publish   version: '0.2.4',
silly publish   homepage: 'https://github.com/codeboost/opencv-node',
silly publish   author: { name: 'Florin Braghis', email: 'florin@libertv.ro' },
silly publish   keywords: [ 'opencv' ],
silly publish   scripts: 
silly publish    { install: 'node-gyp configure build',
silly publish      test: 'coffee script/tests' },
silly publish   main: 'index.js',
silly publish   engines: { node: '>=0.8.11' },
silly publish   dependencies: 
silly publish    { 'coffee-script': '>=1.3.3',
silly publish      underscore: '>=1.3.3',
silly publish      keypress: '*' },
silly publish   _npmUser: { name: 'codeboost', email: 'florin@libertv.ro' },
silly publish   _id: 'opencv-node@0.2.4',
silly publish   devDependencies: {},
silly publish   _engineSupported: false,
silly publish   _npmVersion: '1.1.0-beta-4',
silly publish   _nodeVersion: 'v0.8.0',
silly publish   _defaultsLoaded: true,
silly publish   dist: 
silly publish    { shasum: '388a6d3c9801445e7a75088fa92fa86f1114b40d',
silly publish      tarball: 'http://registry.npmjs.org/opencv-node/-/opencv-node-0.2.4.tgz' } }
verbose raw, before any munging opencv-node
verbose url resolving [ 'https://registry.npmjs.org/', './opencv-node' ]
verbose url resolved https://registry.npmjs.org/opencv-node
http PUT https://registry.npmjs.org/opencv-node
http 409 https://registry.npmjs.org/opencv-node
verbose raw, before any munging opencv-node
verbose url resolving [ 'https://registry.npmjs.org/', './opencv-node' ]
verbose url resolved https://registry.npmjs.org/opencv-node
http GET https://registry.npmjs.org/opencv-node
http 200 https://registry.npmjs.org/opencv-node
info Already published opencv-node@0.2.4
verbose uploading bin dists []
ERR! publish fail Cannot publish over existing version.
ERR! publish fail Bump the 'version' field, set the --force flag, or
ERR! publish fail     npm unpublish 'opencv-node@0.2.4'
ERR! publish fail and try again
ERR! 
ERR! System Darwin 12.2.0
ERR! command "/usr/local/bin/node" "/usr/local/bin/npm" "publish"
ERR! cwd /Users/florin/Sites/opencv-js
ERR! node -v v0.8.0
ERR! npm -v 1.1.0-beta-4
ERR! code EPUBLISHCONFLICT
ERR! message publish fail
verbose exit [ 1, true ]
